\BOOKMARK [1][-]{section.1}{\376\377\000I\000n\000s\000t\000a\000l\000a\000\347\000\343\000o\000\040\000e\000\040\000q\000u\000i\000c\000k\000\040\000s\000t\000a\000r\000t}{}% 1
\BOOKMARK [1][-]{section.2}{\376\377\000A\000r\000q\000u\000i\000t\000e\000t\000u\000r\000a}{}% 2
\BOOKMARK [1][-]{section.3}{\376\377\000T\000e\000o\000r\000i\000a\000\040\000r\000e\000s\000u\000m\000i\000d\000a}{}% 3
\BOOKMARK [2][-]{subsection.3.1}{\376\377\000P\000r\000e\000c\000i\000f\000i\000c\000a\000\347\000\343\000o\000\040\000s\000o\000b\000\040\000Q}{section.3}% 4
\BOOKMARK [2][-]{subsection.3.2}{\376\377\000L\000S\000M\000C\000\040\000\050\000L\000o\000n\000g\000s\000t\000a\000f\000f\040\023\000S\000c\000h\000w\000a\000r\000t\000z\000\051}{section.3}% 5
\BOOKMARK [1][-]{section.4}{\376\377\000A\000P\000I\000\040\000\050\000P\000y\000t\000h\000o\000n\000\051}{}% 6
\BOOKMARK [2][-]{subsection.4.1}{\376\377\000C\000u\000r\000v\000a\000\040\000e\000\040\000m\000o\000d\000e\000l\000o}{section.4}% 7
\BOOKMARK [2][-]{subsection.4.2}{\376\377\000P\000a\000y\000o\000f\000f\000s\000\040\000c\000o\000m\000o\000\040\000f\000u\000n\000\347\000\365\000e\000s\000\040\000\050\000P\000F\000\051}{section.4}% 8
\BOOKMARK [2][-]{subsection.4.3}{\376\377\000M\000o\000t\000o\000r\000\040\000M\000C\000\040\000\050\000e\000u\000r\000o\000p\000e\000i\000a\000s\000\040\000e\000\040\000p\000a\000t\000h\000-\000d\000e\000p\000e\000n\000d\000e\000n\000t\000e\000s\000\051}{section.4}% 9
\BOOKMARK [2][-]{subsection.4.4}{\376\377\000E\000x\000e\000r\000c\000\355\000c\000i\000o\000\040\000\050\000B\000e\000r\000m\000u\000d\000a\000n\000a\000/\000A\000m\000e\000r\000i\000c\000a\000n\000a\000\051\000\040\000v\000i\000a\000\040\000L\000S\000M\000C}{section.4}% 10
\BOOKMARK [2][-]{subsection.4.5}{\376\377\000D\000S\000L\000\040\000d\000e\000c\000l\000a\000r\000a\000t\000i\000v\000a}{section.4}% 11
\BOOKMARK [1][-]{section.5}{\376\377\000M\000\351\000t\000o\000d\000o\000s\000\040\000N\000u\000m\000\351\000r\000i\000c\000o\000s}{}% 12
\BOOKMARK [2][-]{subsection.5.1}{\376\377\000S\000i\000m\000u\000l\000a\000\347\000\343\000o}{section.5}% 13
\BOOKMARK [2][-]{subsection.5.2}{\376\377\000V\000a\000r\000i\000\342\000n\000c\000i\000a\000\040\000e\000\040\000e\000r\000r\000o}{section.5}% 14
\BOOKMARK [2][-]{subsection.5.3}{\376\377\000G\000r\000e\000e\000k\000s}{section.5}% 15
\BOOKMARK [2][-]{subsection.5.4}{\376\377\000C\000u\000r\000v\000a\000\040\000p\000i\000e\000c\000e\000w\000i\000s\000e\000-\000f\000l\000a\000t}{section.5}% 16
\BOOKMARK [1][-]{section.6}{\376\377\000E\000x\000t\000e\000n\000s\000\365\000e\000s}{}% 17
\BOOKMARK [1][-]{section.7}{\376\377\000T\000e\000s\000t\000e\000s\000\040\000e\000\040\000v\000a\000l\000i\000d\000a\000\347\000\343\000o}{}% 18
\BOOKMARK [1][-]{section.8}{\376\377\000E\000x\000e\000m\000p\000l\000o\000s\000\040\000a\000d\000i\000c\000i\000o\000n\000a\000i\000s}{}% 19
\BOOKMARK [2][-]{subsection.8.1}{\376\377\000A\000s\000i\000\341\000t\000i\000c\000a\000\040\000a\000r\000i\000t\000m\000\351\000t\000i\000c\000a}{section.8}% 20
\BOOKMARK [2][-]{subsection.8.2}{\376\377\000B\000a\000s\000k\000e\000t\000\040\000c\000a\000l\000l\000\040\0002\000D}{section.8}% 21
\BOOKMARK [2][-]{subsection.8.3}{\376\377\000P\000u\000t\000\040\000B\000e\000r\000m\000u\000d\000a\000n\000o\000\040\000\050\000L\000S\000M\000C\000\051}{section.8}% 22
\BOOKMARK [1][-]{section.9}{\376\377\000E\000s\000t\000r\000u\000t\000u\000r\000a\000\040\000d\000o\000\040\000r\000e\000p\000o\000s\000i\000t\000\363\000r\000i\000o\000\040\000\050\000s\000u\000g\000e\000s\000t\000\343\000o\000\051}{}% 23
\BOOKMARK [1][-]{section.10}{\376\377\000L\000i\000c\000e\000n\000\347\000a\000\040\000e\000\040\000a\000v\000i\000s\000o}{}% 24
